  Display.cpp
C:\Users\daemc\OneDrive\Documents\CodeStuff\RandomGeneratedDungeon\src\Display.cpp(15,20): warning C4018: '<': signed/unsigned mismatch
C:\Users\daemc\OneDrive\Documents\CodeStuff\RandomGeneratedDungeon\src\Display.cpp(17,21): warning C4018: '<': signed/unsigned mismatch
C:\Users\daemc\OneDrive\Documents\CodeStuff\RandomGeneratedDungeon\src\Display.cpp(70,27): warning C4244: 'argument': conversion from 'size_t' to 'double', possible loss of data
  Entity.cpp
  EntryPoint.cpp
  Player.cpp
C:\Users\daemc\OneDrive\Documents\CodeStuff\RandomGeneratedDungeon\src\Player.cpp(29,48): warning C4244: 'argument': conversion from 'size_t' to 'double', possible loss of data
C:\Users\daemc\OneDrive\Documents\CodeStuff\RandomGeneratedDungeon\src\Player.cpp(29,41): warning C4244: '=': conversion from 'double' to 'unsigned int', possible loss of data
C:\Users\daemc\OneDrive\Documents\CodeStuff\RandomGeneratedDungeon\src\Player.cpp(40,48): warning C4244: 'argument': conversion from 'size_t' to 'double', possible loss of data
C:\Users\daemc\OneDrive\Documents\CodeStuff\RandomGeneratedDungeon\src\Player.cpp(40,41): warning C4244: '=': conversion from 'double' to 'unsigned int', possible loss of data
  Room.cpp
C:\Users\daemc\OneDrive\Documents\CodeStuff\RandomGeneratedDungeon\src\Room.cpp(19,58): warning C4267: 'argument': conversion from 'size_t' to 'unsigned int', possible loss of data
C:\Users\daemc\OneDrive\Documents\CodeStuff\RandomGeneratedDungeon\src\Room.cpp(55,20): warning C4018: '<': signed/unsigned mismatch
C:\Users\daemc\OneDrive\Documents\CodeStuff\RandomGeneratedDungeon\src\Room.cpp(56,21): warning C4018: '<=': signed/unsigned mismatch
C:\Users\daemc\OneDrive\Documents\CodeStuff\RandomGeneratedDungeon\src\Room.cpp(56,47): warning C4018: '>=': signed/unsigned mismatch
C:\Users\daemc\OneDrive\Documents\CodeStuff\RandomGeneratedDungeon\src\Room.cpp(68,20): warning C4018: '<': signed/unsigned mismatch
C:\Users\daemc\OneDrive\Documents\CodeStuff\RandomGeneratedDungeon\src\Room.cpp(69,21): warning C4018: '<=': signed/unsigned mismatch
C:\Users\daemc\OneDrive\Documents\CodeStuff\RandomGeneratedDungeon\src\Room.cpp(69,47): warning C4018: '>=': signed/unsigned mismatch
  Generating Code...
  RandomGeneratedDungeon.vcxproj -> C:\Users\daemc\OneDrive\Documents\CodeStuff\RandomGeneratedDungeon\x64\Debug\RandomGeneratedDungeon.exe
